<?xml version="1.0" encoding="UTF-8"?>
<!-- Generated by org.testng.reporters.JUnitReportReporter -->
<testsuite skipped="0" hostname="ALIPL5119" name="maven.Sample" tests="1" failures="0" timestamp="31 Jan 2022 04:25:40 GMT" time="27.075" errors="0">
  <testcase name="loginHrms" time="27.075" classname="maven.Sample"/>
</testsuite> <!-- maven.Sample -->
