<?xml version="1.0" encoding="UTF-8"?>
<!-- Generated by org.testng.reporters.JUnitReportReporter -->
<testsuite hostname="ALIPL5119" name="testng.TestCase1" tests="1" failures="0" timestamp="25 Jan 2022 04:25:29 GMT" time="0.026" errors="0">
  <testcase name="test1" time="0.026" classname="testng.TestCase1"/>
</testsuite> <!-- testng.TestCase1 -->
