<?xml version="1.0" encoding="UTF-8"?>
<!-- Generated by org.testng.reporters.JUnitReportReporter -->
<testsuite hostname="ALIPL5119" name="testng.BasicProgram" tests="2" failures="0" timestamp="21 Jan 2022 04:29:23 GMT" time="0.003" errors="0">
  <testcase name="test2" time="0.001" classname="testng.BasicProgram"/>
  <testcase name="test" time="0.002" classname="testng.BasicProgram"/>
</testsuite> <!-- testng.BasicProgram -->
