<?xml version="1.0" encoding="UTF-8"?>
<!-- Generated by org.testng.reporters.JUnitReportReporter -->
<testsuite hostname="ALIPL5119" name="testng.TestCase2" tests="1" failures="0" timestamp="25 Jan 2022 04:30:54 GMT" time="0.007" errors="0">
  <testcase name="test1" time="0.007" classname="testng.TestCase2"/>
</testsuite> <!-- testng.TestCase2 -->
