<?xml version="1.0" encoding="UTF-8"?>
<!-- Generated by org.testng.reporters.JUnitReportReporter -->
<testsuite hostname="ALIPL5119" name="testng.WebDriverTest" tests="2" failures="0" timestamp="1 Feb 2022 04:10:52 GMT" time="8.051" errors="0">
  <testcase name="login" time="7.880" classname="testng.WebDriverTest"/>
  <testcase name="logout" time="0.171" classname="testng.WebDriverTest"/>
</testsuite> <!-- testng.WebDriverTest -->
