<?xml version="1.0" encoding="UTF-8"?>
<!-- Generated by org.testng.reporters.JUnitReportReporter -->
<testsuite hostname="ALIPL5119" name="testng.CrossBrowserTest" tests="2" failures="0" timestamp="24 Jan 2022 04:23:18 GMT" time="5.912" errors="0">
  <testcase name="login" time="3.554" classname="testng.CrossBrowserTest"/>
  <testcase name="login" time="2.358" classname="testng.CrossBrowserTest"/>
</testsuite> <!-- testng.CrossBrowserTest -->
