<?xml version="1.0" encoding="UTF-8"?>
<!-- Generated by org.testng.reporters.JUnitReportReporter -->
<testsuite hostname="ALIPL5119" name="testng.DataProiverTest" tests="3" failures="0" timestamp="24 Jan 2022 03:54:26 GMT" time="62.160" errors="0">
  <testcase name="login" time="16.639" classname="testng.DataProiverTest"/>
  <testcase name="login" time="31.730" classname="testng.DataProiverTest"/>
  <testcase name="login" time="13.791" classname="testng.DataProiverTest"/>
</testsuite> <!-- testng.DataProiverTest -->
