<?xml version="1.0" encoding="UTF-8"?>
<!-- Generated by org.testng.reporters.JUnitReportReporter -->
<testsuite hostname="ALIPL5119" name="testng.TestCase3" tests="1" failures="0" timestamp="25 Jan 2022 04:25:28 GMT" time="0.001" errors="0">
  <testcase name="test1" time="0.001" classname="testng.TestCase3"/>
</testsuite> <!-- testng.TestCase3 -->
