<?xml version="1.0" encoding="UTF-8"?>
<!-- Generated by org.testng.reporters.JUnitReportReporter -->
<testsuite hostname="ALIPL5119" name="testng.PriorityTest" tests="8" failures="0" timestamp="21 Jan 2022 04:51:49 GMT" time="0.061" errors="0">
  <testcase name="two" time="0.002" classname="testng.PriorityTest"/>
  <testcase name="two" time="0.014" classname="testng.PriorityTest"/>
  <testcase name="four" time="0.004" classname="testng.PriorityTest"/>
  <testcase name="two" time="0.002" classname="testng.PriorityTest"/>
  <testcase name="three" time="0.004" classname="testng.PriorityTest"/>
  <testcase name="two" time="0.001" classname="testng.PriorityTest"/>
  <testcase name="two" time="0.003" classname="testng.PriorityTest"/>
  <testcase name="one" time="0.031" classname="testng.PriorityTest"/>
</testsuite> <!-- testng.PriorityTest -->
