<?xml version="1.0" encoding="UTF-8"?>
<!-- Generated by org.testng.reporters.JUnitReportReporter -->
<testsuite hostname="ALIPL5119" name="testng.ParametersTest" tests="1" failures="0" timestamp="22 Jan 2022 04:49:22 GMT" time="13.932" errors="0">
  <testcase name="login" time="13.932" classname="testng.ParametersTest"/>
</testsuite> <!-- testng.ParametersTest -->
