<?xml version="1.0" encoding="UTF-8"?>
<!-- Generated by org.testng.reporters.JUnitReportReporter -->
<testsuite hostname="ALIPL5119" name="testng.GroupDepence" tests="3" failures="0" timestamp="22 Jan 2022 04:28:45 GMT" time="0.023" errors="0">
  <testcase name="openApp" time="0.004" classname="testng.GroupDepence"/>
  <testcase name="login" time="0.017" classname="testng.GroupDepence"/>
  <testcase name="logout" time="0.002" classname="testng.GroupDepence"/>
</testsuite> <!-- testng.GroupDepence -->
