<?xml version="1.0" encoding="UTF-8"?>
<!-- Generated by org.testng.reporters.JUnitReportReporter -->
<testsuite hostname="ALIPL5119" name="testng.DepenceTest" tests="3" failures="0" timestamp="22 Jan 2022 04:22:15 GMT" time="36.226" errors="0">
  <testcase name="logout" time="0.176" classname="testng.DepenceTest"/>
  <testcase name="login" time="9.399" classname="testng.DepenceTest"/>
  <testcase name="openApplication" time="26.651" classname="testng.DepenceTest"/>
</testsuite> <!-- testng.DepenceTest -->
