<?xml version="1.0" encoding="UTF-8"?>
<!-- Generated by org.testng.reporters.JUnitReportReporter -->
<testsuite skipped="0" hostname="ALIPL5119" name="maven.Sample" tests="1" failures="0" timestamp="04 Feb 2022 04:37:15 GMT" time="48.935" errors="0">
  <testcase name="loginHrms" time="48.935" classname="maven.Sample"/>
</testsuite> <!-- maven.Sample -->
